
===== ITERATION 0 =====
params: l_dot=2.0, l_zeta_pass=1.0, extras=[]
cycle scaling (fit to beta): 1 cycle = 0.231604 us
(K,n,M)      plan      pred(c)   pred(us)   meas(us)    res(us)   res(rel)
(8,3,3)      alpha      200.00     46.321    255.391   +209.070   +451.4%
(8,3,3)      beta        18.00      4.169     13.284     +9.115   +218.6%
(8,3,3)      gamma      127.00     29.414     29.217     -0.197     -0.7%
(32,4,4)     alpha     4468.00   1034.805   4767.363  +3732.558   +360.7%
(32,4,4)     beta       164.00     37.983     37.983     +0.000     +0.0%
(32,4,4)     gamma     1320.00    305.717     87.028   -218.689    -71.5%
(64,5,5)     alpha    22180.00   5136.969  18541.586 +13404.617   +260.9%
(64,5,5)     beta       596.00    138.036    124.316    -13.720     -9.9%
(64,5,5)     gamma     4809.00   1113.782    161.284   -952.498    -85.5%

===== ITERATION 1 =====
params: l_dot=2.0, l_zeta_pass=0.869, extras=[]
cycle scaling (fit to beta): 1 cycle = 0.228201 us
(K,n,M)      plan      pred(c)   pred(us)   meas(us)    res(us)   res(rel)
(8,3,3)      alpha      200.00     45.640    338.542   +292.902   +641.8%
(8,3,3)      beta        18.00      4.108     18.739    +14.631   +356.2%
(8,3,3)      gamma      123.86     28.264     50.796    +22.532    +79.7%
(32,4,4)     alpha     4468.00   1019.603   4781.786  +3762.183   +369.0%
(32,4,4)     beta       164.00     37.425     37.425     +0.000     +0.0%
(32,4,4)     gamma     1303.23    297.399     61.809   -235.590    -79.2%
(64,5,5)     alpha    22180.00   5061.503  19375.681 +14314.178   +282.8%
(64,5,5)     beta       596.00    136.008    130.502     -5.506     -4.0%
(64,5,5)     gamma     4767.08   1087.853    164.126   -923.727    -84.9%

===== ITERATION 2 =====
params: l_dot=2.0, l_zeta_pass=0.799, extras=[]
cycle scaling (fit to beta): 1 cycle = 0.236152 us
(K,n,M)      plan      pred(c)   pred(us)   meas(us)    res(us)   res(rel)
(8,3,3)      alpha      200.00     47.230    419.915   +372.685   +789.1%
(8,3,3)      beta        18.00      4.251     19.105    +14.854   +349.5%
(8,3,3)      gamma      122.18     28.852     54.497    +25.645    +88.9%
(32,4,4)     alpha     4468.00   1055.129   4650.284  +3595.155   +340.7%
(32,4,4)     beta       164.00     38.729     38.729     +0.000     +0.0%
(32,4,4)     gamma     1294.27    305.645     63.835   -241.810    -79.1%
(64,5,5)     alpha    22180.00   5237.861  18260.413 +13022.552   +248.6%
(64,5,5)     beta       596.00    140.747    120.926    -19.821    -14.1%
(64,5,5)     gamma     4744.68   1120.468    156.365   -964.103    -86.0%
  [kappa-evolution] alpha residue stuck at +459.5% for >=3 iters; adding extra 'l_alpha_per_pair' = 38.136 cycles per per_pair

===== ITERATION 3 =====
params: l_dot=2.0, l_zeta_pass=0.735, extras=['l_alpha_per_pair']
cycle scaling (fit to beta): 1 cycle = 0.228817 us
(K,n,M)      plan      pred(c)   pred(us)   meas(us)    res(us)   res(rel)
(8,3,3)      alpha     1267.82    290.099    244.487    -45.612    -15.7%
(8,3,3)      beta        18.00      4.119     10.786     +6.667   +161.9%
(8,3,3)      gamma      120.64     27.604     28.023     +0.419     +1.5%
(32,4,4)     alpha    23383.69   5350.587   4841.181   -509.406     -9.5%
(32,4,4)     beta       164.00     37.526     37.526     +0.000     +0.0%
(32,4,4)     gamma     1286.08    294.277     62.146   -232.131    -78.9%
(64,5,5)     alpha    99063.11  22667.331  19445.576  -3221.755    -14.2%
(64,5,5)     beta       596.00    136.375    126.220    -10.155     -7.4%
(64,5,5)     gamma     4724.20   1080.978    161.027   -919.951    -85.1%

===== ITERATION 4 =====
params: l_dot=2.0, l_zeta_pass=0.6, extras=['l_alpha_per_pair']
cycle scaling (fit to beta): 1 cycle = 0.259024 us
(K,n,M)      plan      pred(c)   pred(us)   meas(us)    res(us)   res(rel)
(8,3,3)      alpha     1267.82    328.397    273.221    -55.176    -16.8%
(8,3,3)      beta        18.00      4.662     15.398    +10.736   +230.3%
(8,3,3)      gamma      117.40     30.409     32.057     +1.648     +5.4%
(32,4,4)     alpha    23383.69   6056.945   5046.820  -1010.125    -16.7%
(32,4,4)     beta       164.00     42.480     42.480     -0.000     -0.0%
(32,4,4)     gamma     1268.80    328.650     64.653   -263.997    -80.3%
(64,5,5)     alpha    99063.11  25659.762  18247.510  -7412.252    -28.9%
(64,5,5)     beta       596.00    154.379    122.696    -31.683    -20.5%
(64,5,5)     gamma     4681.00   1212.493    177.913  -1034.580    -85.3%

===== ITERATION 5 =====
params: l_dot=2.0, l_zeta_pass=0.466, extras=['l_alpha_per_pair']
cycle scaling (fit to beta): 1 cycle = 0.333305 us
(K,n,M)      plan      pred(c)   pred(us)   meas(us)    res(us)   res(rel)
(8,3,3)      alpha     1267.82    422.571    270.112   -152.459    -36.1%
(8,3,3)      beta        18.00      5.999     13.597     +7.598   +126.6%
(8,3,3)      gamma      114.18     38.058     27.240    -10.818    -28.4%
(32,4,4)     alpha    23383.69   7793.897   5084.735  -2709.162    -34.8%
(32,4,4)     beta       164.00     54.662     54.662     +0.000     +0.0%
(32,4,4)     gamma     1251.65    417.180     73.097   -344.083    -82.5%
(64,5,5)     alpha    99063.11  33018.218  19122.270 -13895.948    -42.1%
(64,5,5)     beta       596.00    198.650    146.553    -52.097    -26.2%
(64,5,5)     gamma     4638.12   1545.908    188.448  -1357.460    -87.8%
  [kappa-evolution] gamma residue stuck at -66.2% for >=3 iters; adding extra 'l_gamma_per_pair_per_M' = -0.437 cycles per per_pair_per_M

===== ITERATION 6 =====
params: l_dot=2.0, l_zeta_pass=0.3, extras=['l_alpha_per_pair', 'l_gamma_per_pair_per_M']
cycle scaling (fit to beta): 1 cycle = 0.231963 us
(K,n,M)      plan      pred(c)   pred(us)   meas(us)    res(us)   res(rel)
(8,3,3)      alpha     1267.82    294.088    251.726    -42.362    -14.4%
(8,3,3)      beta        18.00      4.175     16.119    +11.944   +286.1%
(8,3,3)      gamma       73.50     17.049     27.176    +10.127    +59.4%
(32,4,4)     alpha    23383.69   5424.160   4792.012   -632.148    -11.7%
(32,4,4)     beta       164.00     38.042     38.042     +0.000     +0.0%
(32,4,4)     gamma      363.55     84.330     64.161    -20.169    -23.9%
(64,5,5)     alpha    99063.11  22979.017  19019.354  -3959.663    -17.2%
(64,5,5)     beta       596.00    138.250    130.950     -7.300     -5.3%
(64,5,5)     gamma      180.83     41.946    184.865   +142.919   +340.7%

===== ITERATION 7 =====
params: l_dot=2.0, l_zeta_pass=0.614, extras=['l_alpha_per_pair', 'l_gamma_per_pair_per_M']
cycle scaling (fit to beta): 1 cycle = 0.239646 us
(K,n,M)      plan      pred(c)   pred(us)   meas(us)    res(us)   res(rel)
(8,3,3)      alpha     1267.82    303.829    237.155    -66.674    -21.9%
(8,3,3)      beta        18.00      4.314     10.463     +6.149   +142.6%
(8,3,3)      gamma       81.03     19.420     27.149     +7.729    +39.8%
(32,4,4)     alpha    23383.69   5603.815   4758.231   -845.584    -15.1%
(32,4,4)     beta       164.00     39.302     39.302     +0.000     +0.0%
(32,4,4)     gamma      403.74     96.755     62.258    -34.497    -35.7%
(64,5,5)     alpha    99063.11  23740.112  18322.906  -5417.206    -22.8%
(64,5,5)     beta       596.00    142.829    124.234    -18.595    -13.0%
(64,5,5)     gamma      281.31     67.415    161.309    +93.894   +139.3%

===== TRACE JSON =====
[
  {
    "iteration": 0,
    "params": {
      "w": 8,
      "gamma_launch": 4,
      "l_dot": 2.0,
      "l_xor_reduce": 1.0,
      "l_zeta_pass": 1.0,
      "l_syndrome": 1.0,
      "extras": {}
    },
    "cycle_us": 0.2316036590478112,
    "rows": [
      {
        "K": 8,
        "n": 3,
        "M": 3,
        "meas": {
          "alpha": 255.39100010973925,
          "beta": 13.28399980593531,
          "gamma": 29.217000019343686
        },
        "preds": {
          "alpha": 200.0,
          "beta": 18.0,
          "gamma": 127.0
        },
        "scale": 0.2316036590478112,
        "pred_us": {
          "alpha": 46.32073180956224,
          "beta": 4.168865862860601,
          "gamma": 29.413664699072022
        },
        "residue_us": {
          "alpha": 209.07026830017702,
          "beta": 9.115133943074708,
          "gamma": -0.196664679728336
        },
        "residue_rel": {
          "alpha": 4.513535519251393,
          "beta": 2.1864781076981132,
          "gamma": -0.006686167185911405
        }
      },
      {
        "K": 32,
        "n": 4,
        "M": 4,
        "meas": {
          "alpha": 4767.363000155456,
          "beta": 37.983000083841034,
          "gamma": 87.02800005266909
        },
        "preds": {
          "alpha": 4468.0,
          "beta": 164.0,
          "gamma": 1320.0
        },
        "scale": 0.2316036590478112,
        "pred_us": {
          "alpha": 1034.8051486256204,
          "beta": 37.983000083841034,
          "gamma": 305.7168299431108
        },
        "residue_us": {
          "alpha": 3732.5578515298353,
          "beta": 0.0,
          "gamma": -218.6888298904417
        },
        "residue_rel": {
          "alpha": 3.6070151530336347,
          "beta": 0.0,
          "gamma": -0.7153313408723241
        }
      },
      {
        "K": 64,
        "n": 5,
        "M": 5,
        "meas": {
          "alpha": 18541.58599985567,
          "beta": 124.31599998308229,
          "gamma": 161.28400011439226
        },
        "preds": {
          "alpha": 22180.0,
          "beta": 596.0,
          "gamma": 4809.0
        },
        "scale": 0.2316036590478112,
        "pred_us": {
          "alpha": 5136.969157680453,
          "beta": 138.03578079249547,
          "gamma": 1113.781996360924
        },
        "residue_us": {
          "alpha": 13404.616842175217,
          "beta": -13.71978080941318,
          "gamma": -952.4979962465318
        },
        "residue_rel": {
          "alpha": 2.609440787109561,
          "beta": -0.09939293080855365,
          "gamma": -0.8551924877207947
        }
      }
    ]
  },
  {
    "iteration": 1,
    "params": {
      "w": 8,
      "gamma_launch": 4,
      "l_dot": 2.0,
      "l_xor_reduce": 1.0,
      "l_zeta_pass": 0.869,
      "l_syndrome": 1.0,
      "extras": {}
    },
    "cycle_us": 0.22820121995853077,
    "rows": [
      {
        "K": 8,
        "n": 3,
        "M": 3,
        "meas": {
          "alpha": 338.54200000860146,
          "beta": 18.738999870038242,
          "gamma": 50.7959998685692
        },
        "preds": {
          "alpha": 200.0,
          "beta": 18.0,
          "gamma": 123.856
        },
        "scale": 0.22820121995853077,
        "pred_us": {
          "alpha": 45.64024399170615,
          "beta": 4.107621959253554,
          "gamma": 28.264090299183785
        },
        "residue_us": {
          "alpha": 292.9017560168953,
          "beta": 14.631377910784689,
          "gamma": 22.531909569385412
        },
        "residue_rel": {
          "alpha": 6.41762029296167,
          "beta": 3.5620069363548574,
          "gamma": 0.7971921024479636
        }
      },
      {
        "K": 32,
        "n": 4,
        "M": 4,
        "meas": {
          "alpha": 4781.785999966814,
          "beta": 37.425000073199044,
          "gamma": 61.80900004437717
        },
        "preds": {
          "alpha": 4468.0,
          "beta": 164.0,
          "gamma": 1303.232
        },
        "scale": 0.22820121995853077,
        "pred_us": {
          "alpha": 1019.6030507747155,
          "beta": 37.425000073199044,
          "gamma": 297.399132288996
        },
        "residue_us": {
          "alpha": 3762.182949192099,
          "beta": 0.0,
          "gamma": -235.59013224461881
        },
        "residue_rel": {
          "alpha": 3.689850620134487,
          "beta": 0.0,
          "gamma": -0.7921681897030062
        }
      },
      {
        "K": 64,
        "n": 5,
        "M": 5,
        "meas": {
          "alpha": 19375.681000155964,
          "beta": 130.5020000472723,
          "gamma": 164.12600007242872
        },
        "preds": {
          "alpha": 22180.0,
          "beta": 596.0,
          "gamma": 4767.08
        },
        "scale": 0.22820121995853077,
        "pred_us": {
          "alpha": 5061.503058680212,
          "beta": 136.00792709528434,
          "gamma": 1087.8534716399129
        },
        "residue_us": {
          "alpha": 14314.177941475751,
          "beta": -5.50592704801204,
          "gamma": -923.7274715674841
        },
        "residue_rel": {
          "alpha": 2.828048857330568,
          "beta": -0.040482398089595924,
          "gamma": -0.8491285781117077
        }
      }
    ]
  },
  {
    "iteration": 2,
    "params": {
      "w": 8,
      "gamma_launch": 4,
      "l_dot": 2.0,
      "l_xor_reduce": 1.0,
      "l_zeta_pass": 0.799,
      "l_syndrome": 1.0,
      "extras": {}
    },
    "cycle_us": 0.23615243856888476,
    "rows": [
      {
        "K": 8,
        "n": 3,
        "M": 3,
        "meas": {
          "alpha": 419.91500006588467,
          "beta": 19.105000092167757,
          "gamma": 54.497000064657186
        },
        "preds": {
          "alpha": 200.0,
          "beta": 18.0,
          "gamma": 122.176
        },
        "scale": 0.23615243856888476,
        "pred_us": {
          "alpha": 47.23048771377695,
          "beta": 4.250743894239926,
          "gamma": 28.852160334592064
        },
        "residue_us": {
          "alpha": 372.68451235210773,
          "beta": 14.854256197927832,
          "gamma": 25.644839730065122
        },
        "residue_rel": {
          "alpha": 7.890761463456095,
          "beta": 3.494507447991975,
          "gamma": 0.8888360328192981
        }
      },
      {
        "K": 32,
        "n": 4,
        "M": 4,
        "meas": {
          "alpha": 4650.28399980838,
          "beta": 38.7289999252971,
          "gamma": 63.834999991740915
        },
        "preds": {
          "alpha": 4468.0,
          "beta": 164.0,
          "gamma": 1294.272
        },
        "scale": 0.23615243856888476,
        "pred_us": {
          "alpha": 1055.129095525777,
          "beta": 38.7289999252971,
          "gamma": 305.6454889714276
        },
        "residue_us": {
          "alpha": 3595.1549042826027,
          "beta": 0.0,
          "gamma": -241.81048897968668
        },
        "residue_rel": {
          "alpha": 3.4073128298022297,
          "beta": 0.0,
          "gamma": -0.7911469257846356
        }
      },
      {
        "K": 64,
        "n": 5,
        "M": 5,
        "meas": {
          "alpha": 18260.413000007247,
          "beta": 120.92599990864983,
          "gamma": 156.36500006621645
        },
        "preds": {
          "alpha": 22180.0,
          "beta": 596.0,
          "gamma": 4744.68
        },
        "scale": 0.23615243856888476,
        "pred_us": {
          "alpha": 5237.861087457864,
          "beta": 140.74685338705532,
          "gamma": 1120.4677522290162
        },
        "residue_us": {
          "alpha": 13022.551912549383,
          "beta": -19.820853478405496,
          "gamma": -964.1027521627998
        },
        "residue_rel": {
          "alpha": 2.486234685324526,
          "beta": -0.14082626361740352,
          "gamma": -0.8604466752790075
        }
      }
    ]
  },
  {
    "iteration": 3,
    "params": {
      "w": 8,
      "gamma_launch": 4,
      "l_dot": 2.0,
      "l_xor_reduce": 1.0,
      "l_zeta_pass": 0.735,
      "l_syndrome": 1.0,
      "extras": {
        "l_alpha_per_pair": [
          "alpha",
          "per_pair",
          38.13646340773991
        ]
      }
    },
    "cycle_us": 0.2288170740362924,
    "rows": [
      {
        "K": 8,
        "n": 3,
        "M": 3,
        "meas": {
          "alpha": 244.48700014545466,
          "beta": 10.786000075313495,
          "gamma": 28.022999913446256
        },
        "preds": {
          "alpha": 1267.8209754167174,
          "beta": 18.0,
          "gamma": 120.64
        },
        "scale": 0.2288170740362924,
        "pred_us": {
          "alpha": 290.0990859966915,
          "beta": 4.118707332653263,
          "gamma": 27.604491811738313
        },
        "residue_us": {
          "alpha": -45.61208585123683,
          "beta": 6.667292742660233,
          "gamma": 0.4185081017079426
        },
        "residue_rel": {
          "alpha": -0.15722933319326976,
          "beta": 1.6187828374698272,
          "gamma": 0.015160869635353316
        }
      },
      {
        "K": 32,
        "n": 4,
        "M": 4,
        "meas": {
          "alpha": 4841.181000074357,
          "beta": 37.526000141951954,
          "gamma": 62.14599989107228
        },
        "preds": {
          "alpha": 23383.685850238995,
          "beta": 164.0,
          "gamma": 1286.08
        },
        "scale": 0.2288170740362924,
        "pred_us": {
          "alpha": 5350.586576435539,
          "beta": 37.526000141951954,
          "gamma": 294.2770625765949
        },
        "residue_us": {
          "alpha": -509.4055763611823,
          "beta": 0.0,
          "gamma": -232.13106268552264
        },
        "residue_rel": {
          "alpha": -0.09520555720089642,
          "beta": 0.0,
          "gamma": -0.7888180636746134
        }
      },
      {
        "K": 64,
        "n": 5,
        "M": 5,
        "meas": {
          "alpha": 19445.57599995278,
          "beta": 126.22000008377654,
          "gamma": 161.02700010378612
        },
        "preds": {
          "alpha": 99063.11023000366,
          "beta": 596.0,
          "gamma": 4724.2
        },
        "scale": 0.2288170740362924,
        "pred_us": {
          "alpha": 22667.331027764143,
          "beta": 136.37497612563027,
          "gamma": 1080.9776211622525
        },
        "residue_us": {
          "alpha": -3221.755027811363,
          "beta": -10.154976041853729,
          "gamma": -919.9506210584664
        },
        "residue_rel": {
          "alpha": -0.14213208532866917,
          "beta": -0.07446363204125399,
          "gamma": -0.8510357689637903
        }
      }
    ]
  },
  {
    "iteration": 4,
    "params": {
      "w": 8,
      "gamma_launch": 4,
      "l_dot": 2.0,
      "l_xor_reduce": 1.0,
      "l_zeta_pass": 0.6,
      "l_syndrome": 1.0,
      "extras": {
        "l_alpha_per_pair": [
          "alpha",
          "per_pair",
          38.13646340773991
        ]
      }
    },
    "cycle_us": 0.2590243891462728,
    "rows": [
      {
        "K": 8,
        "n": 3,
        "M": 3,
        "meas": {
          "alpha": 273.22099981574866,
          "beta": 15.397999959532171,
          "gamma": 32.056999998530955
        },
        "preds": {
          "alpha": 1267.8209754167174,
          "beta": 18.0,
          "gamma": 117.4
        },
        "scale": 0.2590243891462728,
        "pred_us": {
          "alpha": 328.396553704147,
          "beta": 4.66243900463291,
          "gamma": 30.40946328577243
        },
        "residue_us": {
          "alpha": -55.175553888398326,
          "beta": 10.735560954899261,
          "gamma": 1.6475367127585265
        },
        "residue_rel": {
          "alpha": -0.16801502106537353,
          "beta": 2.3025633030762855,
          "gamma": 0.054178421278791654
        }
      },
      {
        "K": 32,
        "n": 4,
        "M": 4,
        "meas": {
          "alpha": 5046.819999961372,
          "beta": 42.479999819988734,
          "gamma": 64.65299998126284
        },
        "preds": {
          "alpha": 23383.685850238995,
          "beta": 164.0,
          "gamma": 1268.8
        },
        "scale": 0.2590243891462728,
        "pred_us": {
          "alpha": 6056.944943346498,
          "beta": 42.47999981998874,
          "gamma": 328.6501449487909
        },
        "residue_us": {
          "alpha": -1010.1249433851262,
          "beta": -7.105427357601002e-15,
          "gamma": -263.9971449675281
        },
        "residue_rel": {
          "alpha": -0.1667713596265622,
          "beta": -1.6726523982369651e-16,
          "gamma": -0.8032771292666345
        }
      },
      {
        "K": 64,
        "n": 5,
        "M": 5,
        "meas": {
          "alpha": 18247.510000037437,
          "beta": 122.69600006220571,
          "gamma": 177.9130000159057
        },
        "preds": {
          "alpha": 99063.11023000366,
          "beta": 596.0,
          "gamma": 4681.0
        },
        "scale": 0.2590243891462728,
        "pred_us": {
          "alpha": 25659.761614256586,
          "beta": 154.3785359311786,
          "gamma": 1212.493165593703
        },
        "residue_us": {
          "alpha": -7412.251614219149,
          "beta": -31.682535868972877,
          "gamma": -1034.5801655777973
        },
        "residue_rel": {
          "alpha": -0.2888667371758004,
          "beta": -0.20522630090945312,
          "gamma": -0.8532668017730313
        }
      }
    ]
  },
  {
    "iteration": 5,
    "params": {
      "w": 8,
      "gamma_launch": 4,
      "l_dot": 2.0,
      "l_xor_reduce": 1.0,
      "l_zeta_pass": 0.466,
      "l_syndrome": 1.0,
      "extras": {
        "l_alpha_per_pair": [
          "alpha",
          "per_pair",
          38.13646340773991
        ]
      }
    },
    "cycle_us": 0.33330487889454563,
    "rows": [
      {
        "K": 8,
        "n": 3,
        "M": 3,
        "meas": {
          "alpha": 270.11199995286006,
          "beta": 13.597000133813708,
          "gamma": 27.24000000853266
        },
        "preds": {
          "alpha": 1267.8209754167174,
          "beta": 18.0,
          "gamma": 114.184
        },
        "scale": 0.33330487889454563,
        "pred_us": {
          "alpha": 422.5709166712337,
          "beta": 5.999487820101821,
          "gamma": 38.0580842916948
        },
        "residue_us": {
          "alpha": -152.45891671837364,
          "beta": 7.597512313711887,
          "gamma": -10.818084283162136
        },
        "residue_rel": {
          "alpha": -0.3607889485612397,
          "beta": 1.2663601529876836,
          "gamma": -0.28425193975207275
        }
      },
      {
        "K": 32,
        "n": 4,
        "M": 4,
        "meas": {
          "alpha": 5084.735000082219,
          "beta": 54.66200013870548,
          "gamma": 73.09700004043407
        },
        "preds": {
          "alpha": 23383.685850238995,
          "beta": 164.0,
          "gamma": 1251.648
        },
        "scale": 0.33330487889454563,
        "pred_us": {
          "alpha": 7793.896580422009,
          "beta": 54.66200013870548,
          "gamma": 417.1803850586002
        },
        "residue_us": {
          "alpha": -2709.16158033979,
          "beta": 0.0,
          "gamma": -344.08338501816615
        },
        "residue_rel": {
          "alpha": -0.3476004014660789,
          "beta": 0.0,
          "gamma": -0.824783228889905
        }
      },
      {
        "K": 64,
        "n": 5,
        "M": 5,
        "meas": {
          "alpha": 19122.27000002531,
          "beta": 146.55300014965178,
          "gamma": 188.44800001716067
        },
        "preds": {
          "alpha": 99063.11023000366,
          "beta": 596.0,
          "gamma": 4638.12
        },
        "scale": 0.33330487889454563,
        "pred_us": {
          "alpha": 33018.21795812839,
          "beta": 198.6497078211492,
          "gamma": 1545.90802489837
        },
        "residue_us": {
          "alpha": -13895.947958103083,
          "beta": -52.09670767149743,
          "gamma": -1357.4600248812094
        },
        "residue_rel": {
          "alpha": -0.42085699403053917,
          "beta": -0.26225413690717225,
          "gamma": -0.8780988280143319
        }
      }
    ]
  },
  {
    "iteration": 6,
    "params": {
      "w": 8,
      "gamma_launch": 4,
      "l_dot": 2.0,
      "l_xor_reduce": 1.0,
      "l_zeta_pass": 0.3,
      "l_syndrome": 1.0,
      "extras": {
        "l_alpha_per_pair": [
          "alpha",
          "per_pair",
          38.13646340773991
        ],
        "l_gamma_per_pair_per_M": [
          "gamma",
          "per_pair_per_M",
          -0.43692179352519206
        ]
      }
    },
    "cycle_us": 0.23196341411365698,
    "rows": [
      {
        "K": 8,
        "n": 3,
        "M": 3,
        "meas": {
          "alpha": 251.7259999876842,
          "beta": 16.119000065373257,
          "gamma": 27.176000003237277
        },
        "preds": {
          "alpha": 1267.8209754167174,
          "beta": 18.0,
          "gamma": 73.49856934388387
        },
        "scale": 0.23196341411365698,
        "pred_us": {
          "alpha": 294.0880819425685,
          "beta": 4.175341454045825,
          "gamma": 17.04897907747667
        },
        "residue_us": {
          "alpha": -42.36208195488433,
          "beta": 11.943658611327432,
          "gamma": 10.127020925760608
        },
        "residue_rel": {
          "alpha": -0.14404555830710977,
          "beta": 2.860522604625367,
          "gamma": 0.5939957389671133
        }
      },
      {
        "K": 32,
        "n": 4,
        "M": 4,
        "meas": {
          "alpha": 4792.012000052637,
          "beta": 38.041999914639746,
          "gamma": 64.16099995476543
        },
        "preds": {
          "alpha": 23383.685850238995,
          "beta": 164.0,
          "gamma": 363.54716164601905
        },
        "scale": 0.23196341411365698,
        "pred_us": {
          "alpha": 5424.159604382649,
          "beta": 38.041999914639746,
          "gamma": 84.32964080674012
        },
        "residue_us": {
          "alpha": -632.1476043300127,
          "beta": 0.0,
          "gamma": -20.168640851974686
        },
        "residue_rel": {
          "alpha": -0.1165429578840648,
          "beta": 0.0,
          "gamma": -0.2391643158802912
        }
      },
      {
        "K": 64,
        "n": 5,
        "M": 5,
        "meas": {
          "alpha": 19019.35399996546,
          "beta": 130.95000008434,
          "gamma": 184.86499993741745
        },
        "preds": {
          "alpha": 99063.11023000366,
          "beta": 596.0,
          "gamma": 180.82832126606445
        },
        "scale": 0.23196341411365698,
        "pred_us": {
          "alpha": 22979.01726166919,
          "beta": 138.25019481173956,
          "gamma": 41.94555476931751
        },
        "residue_us": {
          "alpha": -3959.6632617037285,
          "beta": -7.300194727399571,
          "gamma": 142.91944516809994
        },
        "residue_rel": {
          "alpha": -0.1723164753572277,
          "beta": -0.052804227417838495,
          "gamma": 3.4072608159337823
        }
      }
    ]
  },
  {
    "iteration": 7,
    "params": {
      "w": 8,
      "gamma_launch": 4,
      "l_dot": 2.0,
      "l_xor_reduce": 1.0,
      "l_zeta_pass": 0.614,
      "l_syndrome": 1.0,
      "extras": {
        "l_alpha_per_pair": [
          "alpha",
          "per_pair",
          38.13646340773991
        ],
        "l_gamma_per_pair_per_M": [
          "gamma",
          "per_pair_per_M",
          -0.43692179352519206
        ]
      }
    },
    "cycle_us": 0.23964634149196196,
    "rows": [
      {
        "K": 8,
        "n": 3,
        "M": 3,
        "meas": {
          "alpha": 237.15499992249534,
          "beta": 10.462999853189103,
          "gamma": 27.14900006139942
        },
        "preds": {
          "alpha": 1267.8209754167174,
          "beta": 18.0,
          "gamma": 81.03456934388386
        },
        "scale": 0.23964634149196196,
        "pred_us": {
          "alpha": 303.82865842538695,
          "beta": 4.313634146855315,
          "gamma": 19.419638077638464
        },
        "residue_us": {
          "alpha": -66.67365850289161,
          "beta": 6.149365706333788,
          "gamma": 7.729361983760956
        },
        "residue_rel": {
          "alpha": -0.21944492941657467,
          "beta": 1.4255649637827401,
          "gamma": 0.3980178185020475
        }
      },
      {
        "K": 32,
        "n": 4,
        "M": 4,
        "meas": {
          "alpha": 4758.2310000962025,
          "beta": 39.30200000468176,
          "gamma": 62.25800007086946
        },
        "preds": {
          "alpha": 23383.685850238995,
          "beta": 164.0,
          "gamma": 403.73916164601906
        },
        "scale": 0.23964634149196196,
        "pred_us": {
          "alpha": 5603.814764607133,
          "beta": 39.30200000468176,
          "gamma": 96.75461300550032
        },
        "residue_us": {
          "alpha": -845.5837645109305,
          "beta": 0.0,
          "gamma": -34.49661293463086
        },
        "residue_rel": {
          "alpha": -0.15089431039932166,
          "beta": 0.0,
          "gamma": -0.3565371392955682
        }
      },
      {
        "K": 64,
        "n": 5,
        "M": 5,
        "meas": {
          "alpha": 18322.906000094008,
          "beta": 124.23399994077045,
          "gamma": 161.30899985000724
        },
        "preds": {
          "alpha": 99063.11023000366,
          "beta": 596.0,
          "gamma": 281.308321266064
        },
        "scale": 0.23964634149196196,
        "pred_us": {
          "alpha": 23740.111943435328,
          "beta": 142.82921952920933,
          "gamma": 67.41451002265772
        },
        "residue_us": {
          "alpha": -5417.20594334132,
          "beta": -18.59521958843888,
          "gamma": 93.89448982734952
        },
        "residue_rel": {
          "alpha": -0.2281878853919768,
          "beta": -0.13019198487348774,
          "gamma": 1.3927934771875075
        }
      }
    ]
  }
]
